No se encontró el archivo para cargar la matriz. Error: [Errno 2] No such file or directory: 'matrizGastos.csv'
No se encontró el archivo para cargar la matriz. Error: [Errno 2] No such file or directory: 'matrizGastos.csv'
No se encontró el archivo para cargar la matriz. Error: [Errno 2] No such file or directory: 'matrizGastos.csv'
No se encontró el archivo para cargar la matriz. Error: [Errno 2] No such file or directory: 'matrizGastos.csv'
2024-11-12 19:24:19.549550 - No se encontró el archivo para cargar la matriz. Error: [Errno 2] No such file or directory: 'matrizGastos.csv'
2024-11-12 19:47:24.533960 - No se encontró el archivo para cargar la matriz. Error: [Errno 2] No such file or directory: 'matrizGastos.csv'
2024-11-12 19:47:59.414536 - No se encontró el archivo para cargar la matriz. Error: [Errno 2] No such file or directory: 'matrizGastos.csv'
2024-11-12 20:10:12.194091 - Archivo contiene fechas fuera de la Tupla Meses y no se puede cargar la matriz. Error: tuple index out of range
2024-11-12 20:11:19.996822 - Archivo contiene fechas fuera de la Tupla Meses y no se puede cargar la matriz. Error: tuple index out of range
2024-11-12 20:11:48.531908 - Archivo contiene fechas fuera de la Tupla Meses y no se puede cargar la matriz. Error: tuple index out of range
2024-11-12 20:26:03.562067 - Fecha ingresada no es válida. Error: unsupported operand type(s) for -: 'str' and 'int'
2024-11-12 20:36:45.567752 - Categoría ingresada fuera de la lista de opciones list index out of range
2024-11-12 21:16:04.336815 - Ingresada opción inválida no INT. Error: invalid literal for int() with base 10: 't'
2024-11-12 23:00:31.592105 - Ingresada opción inválida no INT. Error: invalid literal for int() with base 10: 're'
2024-11-12 23:05:39.294022 - Ingresada opción inválida no INT. Error: invalid literal for int() with base 10: 'gfd5'
2024-11-12 23:23:30.998933 - Ingresada opción inválida no INT. Error: invalid literal for int() with base 10: 'fdcd'
2024-11-12 23:24:49.914768 - Ingresada opción inválida no INT. Error: invalid literal for int() with base 10: 'rete'
2024-11-18 22:07:35.594321 - Ingresada opción inválida no INT. Error: could not convert string to float: '879,9'
2024-11-18 23:14:18.813034 - Ingresada opción inválida no INT. Error: invalid literal for int() with base 10: '2024-03-23'
2024-11-18 23:19:45.116817 - Ingresada opción inválida no INT. Error: invalid literal for int() with base 10: '2024-10-24'
2024-11-19 12:02:49.489083 - subMenuDicc funcion: Error en la opción: 8
2024-11-19 14:22:01.397561 - Categoría ingresada fuera de la lista de opciones list index out of range
2024-11-19 14:22:22.714295 - Categoría ingresada fuera de la lista de opciones list index out of range
